\BOOKMARK [1][-]{section.1}{\376\377\230\171\166\356\151\202\217\360}{}% 1
\BOOKMARK [2][-]{subsection.1.1}{\376\377\170\024\172\166\200\314\146\157}{section.1}% 2
\BOOKMARK [2][-]{subsection.1.2}{\376\377\174\373\176\337\140\073\117\123\155\101\172\013}{section.1}% 3
\BOOKMARK [1][-]{section.2}{\376\377\145\207\163\056\143\026\143\230\116\016\117\341\140\157\142\275\123\326\152\041\127\127}{}% 4
\BOOKMARK [2][-]{subsection.2.1}{\376\377\145\160\143\156\147\145\156\220\116\016\142\223\123\326\173\126\165\145}{section.2}% 5
\BOOKMARK [2][-]{subsection.2.2}{\376\377\133\236\117\123\213\306\122\053\116\016\121\163\174\373\142\275\123\326\173\126\165\145}{section.2}% 6
\BOOKMARK [2][-]{subsection.2.3}{\376\377\145\160\143\156\156\005\155\027\116\016\211\304\203\003\123\026}{section.2}% 7
\BOOKMARK [2][-]{subsection.2.4}{\376\377\145\207\147\054\143\026\143\230\173\126\165\145\116\016\121\306\170\156\163\207\213\304\117\060\377\010\173\200\217\360\377\011}{section.2}% 8
\BOOKMARK [1][-]{section.3}{\376\377\126\376\145\160\143\156\136\223\144\055\136\372\152\041\127\127}{}% 9
\BOOKMARK [2][-]{subsection.3.1}{\376\377\126\376\145\160\143\156\136\223\220\011\127\213}{section.3}% 10
\BOOKMARK [2][-]{subsection.3.2}{\376\377\000S\000c\000h\000e\000m\000a\000\040\213\276\213\241}{section.3}% 11
\BOOKMARK [2][-]{subsection.3.3}{\376\377\145\160\143\156\211\304\152\041\176\337\213\241}{section.3}% 12
\BOOKMARK [2][-]{subsection.3.4}{\376\377\145\160\143\156\133\374\121\145\116\016\147\345\213\342}{section.3}% 13
\BOOKMARK [1][-]{section.4}{\376\377\167\345\213\306\126\376\214\061\123\357\211\306\123\026\134\125\171\072\152\041\127\127}{}% 14
\BOOKMARK [2][-]{subsection.4.1}{\376\377\122\115\172\357\134\125\171\072\213\276\213\241}{section.4}% 15
\BOOKMARK [2][-]{subsection.4.2}{\376\377\150\070\137\303\116\244\116\222\122\237\200\375}{section.4}% 16
\BOOKMARK [2][-]{subsection.4.3}{\376\377\126\376\214\061\230\165\227\142\116\016\124\016\172\357\152\041\127\127\166\204\121\163\174\373}{section.4}% 17
\BOOKMARK [2][-]{subsection.4.4}{\376\377\177\121\172\331\116\073\211\201\122\237\200\375\142\052\126\376}{section.4}% 18
\BOOKMARK [1][-]{section.5}{\376\377\127\372\116\216\131\047\152\041\127\213\166\204\146\172\200\375\225\356\173\124\174\373\176\337}{}% 19
\BOOKMARK [2][-]{subsection.5.1}{\376\377\174\373\176\337\166\356\150\007}{section.5}% 20
\BOOKMARK [2][-]{subsection.5.2}{\376\377\000R\000A\000G\000\040\147\266\147\204\213\276\213\241}{section.5}% 21
\BOOKMARK [2][-]{subsection.5.3}{\376\377\000P\000r\000o\000m\000p\000t\000\040\213\276\213\241\140\035\215\357}{section.5}% 22
\BOOKMARK [2][-]{subsection.5.4}{\376\377\225\356\173\124\155\101\172\013\133\236\163\260}{section.5}% 23
\BOOKMARK [2][-]{subsection.5.5}{\376\377\137\123\122\115\145\057\143\001\166\204\225\356\230\230\174\173\127\213}{section.5}% 24
\BOOKMARK [2][-]{subsection.5.6}{\376\377\225\356\173\124\171\072\117\213}{section.5}% 25
\BOOKMARK [1][-]{section.6}{\376\377\174\373\176\337\133\236\163\260\116\016\121\163\225\056\145\207\116\366\213\364\146\016}{}% 26
\BOOKMARK [1][-]{section.7}{\376\377\134\017\176\304\142\020\124\130\122\006\135\345}{}% 27
\BOOKMARK [1][-]{section.8}{\376\377\140\073\176\323\116\016\116\015\215\263}{}% 28
