2026-04-09 12:47:18,147 - INFO - 备份文件已存在: C:\Users\fongi\Desktop\TE\data_update_fix\te_kg2_final_standardized_new.jsonl.fix_missing_backup
2026-04-09 12:47:18,227 - INFO - 总文献数: 2307, 存在缺失实体的文献数: 25
2026-04-09 12:47:18,228 - INFO - 缺失实体统计已保存至 C:\Users\fongi\Desktop\TE\data_update_fix\missing_entities_stats2.txt
2026-04-09 12:47:18,229 - INFO - 待处理文献数: 25
2026-04-09 12:47:18,229 - INFO - 共分为 1 个批次，每批最多 200 篇
2026-04-09 12:47:18,229 - INFO - 开始处理第 1/1 批次，包含 25 篇文献
2026-04-09 12:47:25,483 - INFO - PMID 12176320 无新实体可添加（可能已存在或API未返回有效实体）
2026-04-09 12:47:25,584 - INFO - PMID 26734601 无新实体可添加（可能已存在或API未返回有效实体）
2026-04-09 12:47:25,664 - INFO - PMID 11875026 无新实体可添加（可能已存在或API未返回有效实体）
2026-04-09 12:47:25,721 - INFO - PMID 24505276 无新实体可添加（可能已存在或API未返回有效实体）
2026-04-09 12:47:25,813 - INFO - 已更新文件中的 PMID 22745252
2026-04-09 12:47:25,815 - INFO - PMID 22745252 补全成功，添加了 1 个新实体
2026-04-09 12:47:25,943 - INFO - PMID 38332006 无新实体可添加（可能已存在或API未返回有效实体）
2026-04-09 12:47:26,032 - INFO - PMID 37292765 无新实体可添加（可能已存在或API未返回有效实体）
2026-04-09 12:47:26,114 - INFO - PMID 26208039 无新实体可添加（可能已存在或API未返回有效实体）
2026-04-09 12:47:26,181 - INFO - PMID 31846834 无新实体可添加（可能已存在或API未返回有效实体）
2026-04-09 12:47:26,230 - INFO - PMID 22214611 无新实体可添加（可能已存在或API未返回有效实体）
2026-04-09 12:47:26,365 - INFO - PMID 18532878 无新实体可添加（可能已存在或API未返回有效实体）
2026-04-09 12:47:26,432 - INFO - PMID 19393186 无新实体可添加（可能已存在或API未返回有效实体）
2026-04-09 12:47:26,495 - INFO - PMID 40825873 无新实体可添加（可能已存在或API未返回有效实体）
2026-04-09 12:47:26,500 - INFO - PMID 39103003 无新实体可添加（可能已存在或API未返回有效实体）
2026-04-09 12:47:26,570 - INFO - PMID 21423624 无新实体可添加（可能已存在或API未返回有效实体）
2026-04-09 12:47:26,658 - INFO - PMID 40497966 无新实体可添加（可能已存在或API未返回有效实体）
2026-04-09 12:47:26,664 - INFO - PMID 22733751 无新实体可添加（可能已存在或API未返回有效实体）
2026-04-09 12:47:26,781 - INFO - PMID 29028794 无新实体可添加（可能已存在或API未返回有效实体）
2026-04-09 12:47:26,992 - INFO - PMID 33293698 无新实体可添加（可能已存在或API未返回有效实体）
2026-04-09 12:47:27,060 - INFO - PMID 15643617 无新实体可添加（可能已存在或API未返回有效实体）
2026-04-09 12:47:27,099 - INFO - PMID 38960717 无新实体可添加（可能已存在或API未返回有效实体）
2026-04-09 12:47:27,496 - INFO - PMID 20602999 无新实体可添加（可能已存在或API未返回有效实体）
2026-04-09 12:47:27,620 - INFO - PMID 18252213 无新实体可添加（可能已存在或API未返回有效实体）
2026-04-09 12:47:28,305 - INFO - PMID 32075553 无新实体可添加（可能已存在或API未返回有效实体）
2026-04-09 12:47:30,713 - INFO - PMID 29564828 无新实体可添加（可能已存在或API未返回有效实体）
2026-04-09 12:47:30,717 - INFO - 
========== 最终统计 ==========
2026-04-09 12:47:30,718 - INFO - 存在缺失实体的总文献数: 25
2026-04-09 12:47:30,718 - INFO - 成功补全的文献数: 1
2026-04-09 12:47:30,719 - INFO - 总共添加的实体数: 1
2026-04-09 12:47:30,719 - INFO - 平均每篇添加实体数: 1.00
2026-04-09 12:47:30,720 - INFO - 详细统计已保存至: C:\Users\fongi\Desktop\TE\data_update_fix\missing_entities_stats2.txt
2026-04-09 12:47:30,721 - INFO - 完成日志: C:\Users\fongi\Desktop\TE\data_update_fix\fixed_missing_pmids2.txt
